<?xml version="1.0" encoding="UTF-8"?>
<!-- Generated by org.testng.reporters.JUnitReportReporter -->
<testsuite skipped="3" hostname="3KNZ1N2" name="com.perspecta.hybrid.suitea.MergeUser" tests="4" failures="0" timestamp="18 Dec 2018 04:35:56 GMT" time="83.794" errors="1">
  <testcase name="MergeuserTest" time="82.977" classname="com.perspecta.hybrid.suitea.MergeUser">
    <error type="java.lang.reflect.InvocationTargetException">
      <![CDATA[java.lang.reflect.InvocationTargetException
at sun.reflect.NativeMethodAccessorImpl.invoke0(Native Method)
at sun.reflect.NativeMethodAccessorImpl.invoke(NativeMethodAccessorImpl.java:62)
at sun.reflect.DelegatingMethodAccessorImpl.invoke(DelegatingMethodAccessorImpl.java:43)
at java.lang.reflect.Method.invoke(Method.java:498)
at com.perspecta.hybrid.driver.DriverScript.executeKeywords(DriverScript.java:51)
at com.perspecta.hybrid.suitea.MergeUser.MergeuserTest(MergeUser.java:30)
at sun.reflect.NativeMethodAccessorImpl.invoke0(Native Method)
at sun.reflect.NativeMethodAccessorImpl.invoke(NativeMethodAccessorImpl.java:62)
at sun.reflect.DelegatingMethodAccessorImpl.invoke(DelegatingMethodAccessorImpl.java:43)
at java.lang.reflect.Method.invoke(Method.java:498)
at org.testng.internal.MethodInvocationHelper.invokeMethod(MethodInvocationHelper.java:124)
at org.testng.internal.Invoker.invokeMethod(Invoker.java:583)
at org.testng.internal.Invoker.invokeTestMethod(Invoker.java:719)
at org.testng.internal.Invoker.invokeTestMethods(Invoker.java:989)
at org.testng.internal.TestMethodWorker.invokeTestMethods(TestMethodWorker.java:125)
at org.testng.internal.TestMethodWorker.run(TestMethodWorker.java:109)
at org.testng.TestRunner.privateRun(TestRunner.java:648)
at org.testng.TestRunner.run(TestRunner.java:505)
at org.testng.SuiteRunner.runTest(SuiteRunner.java:455)
at org.testng.SuiteRunner.runSequentially(SuiteRunner.java:450)
at org.testng.SuiteRunner.privateRun(SuiteRunner.java:415)
at org.testng.SuiteRunner.run(SuiteRunner.java:364)
at org.testng.SuiteRunnerWorker.runSuite(SuiteRunnerWorker.java:52)
at org.testng.SuiteRunnerWorker.run(SuiteRunnerWorker.java:84)
at org.testng.TestNG.runSuitesSequentially(TestNG.java:1208)
at org.testng.TestNG.runSuitesLocally(TestNG.java:1137)
at org.testng.TestNG.runSuites(TestNG.java:1049)
at org.testng.TestNG.run(TestNG.java:1017)
at org.testng.remote.AbstractRemoteTestNG.run(AbstractRemoteTestNG.java:114)
at org.testng.remote.RemoteTestNG.initAndRun(RemoteTestNG.java:251)
at org.testng.remote.RemoteTestNG.main(RemoteTestNG.java:77)
Caused by: java.lang.NullPointerException
at com.perspecta.hybrid.keywords.GenericKeywords.click(GenericKeywords.java:154)
... 31 more
]]>
    </error>
  </testcase> <!-- MergeuserTest -->
  <testcase name="MergeuserTest" time="0.158" classname="com.perspecta.hybrid.suitea.MergeUser">
    <skipped/>
  </testcase> <!-- MergeuserTest -->
  <testcase name="MergeuserTest" time="0.128" classname="com.perspecta.hybrid.suitea.MergeUser">
    <skipped/>
  </testcase> <!-- MergeuserTest -->
  <testcase name="MergeuserTest" time="0.531" classname="com.perspecta.hybrid.suitea.MergeUser">
    <skipped/>
  </testcase> <!-- MergeuserTest -->
</testsuite> <!-- com.perspecta.hybrid.suitea.MergeUser -->
