<?xml version="1.0" encoding="UTF-8"?>
<!-- Generated by org.testng.reporters.JUnitReportReporter -->
<testsuite skipped="3" hostname="3KNZ1N2" name="com.perspecta.hybrid.suitea.InvalidLogin" tests="4" failures="0" timestamp="15 Dec 2018 16:01:10 GMT" time="144.245" errors="0">
  <testcase name="InvalidLoginTest" time="0.267" classname="com.perspecta.hybrid.suitea.InvalidLogin">
    <skipped/>
  </testcase> <!-- InvalidLoginTest -->
  <testcase name="InvalidLoginTest" time="0.075" classname="com.perspecta.hybrid.suitea.InvalidLogin">
    <skipped/>
  </testcase> <!-- InvalidLoginTest -->
  <testcase name="InvalidLoginTest" time="0.356" classname="com.perspecta.hybrid.suitea.InvalidLogin">
    <skipped/>
  </testcase> <!-- InvalidLoginTest -->
  <testcase name="InvalidLoginTest" time="143.547" classname="com.perspecta.hybrid.suitea.InvalidLogin"/>
</testsuite> <!-- com.perspecta.hybrid.suitea.InvalidLogin -->
