<?xml version="1.0" encoding="UTF-8"?>
<!-- Generated by org.testng.reporters.JUnitReportReporter -->
<testsuite skipped="3" hostname="3KNZ1N2" name="com.perspecta.hybrid.suitea.LoginRegistered" tests="4" failures="0" timestamp="11 Dec 2018 19:38:27 GMT" time="161.964" errors="1">
  <testcase name="loginTest" time="0.307" classname="com.perspecta.hybrid.suitea.LoginRegistered">
    <skipped/>
  </testcase> <!-- loginTest -->
  <testcase name="loginTest" time="0.409" classname="com.perspecta.hybrid.suitea.LoginRegistered">
    <skipped/>
  </testcase> <!-- loginTest -->
  <testcase name="loginTest" time="161.188" classname="com.perspecta.hybrid.suitea.LoginRegistered">
    <error type="java.lang.reflect.InvocationTargetException">
      <![CDATA[java.lang.reflect.InvocationTargetException
at sun.reflect.NativeMethodAccessorImpl.invoke0(Native Method)
at sun.reflect.NativeMethodAccessorImpl.invoke(NativeMethodAccessorImpl.java:62)
at sun.reflect.DelegatingMethodAccessorImpl.invoke(DelegatingMethodAccessorImpl.java:43)
at java.lang.reflect.Method.invoke(Method.java:498)
at com.perspecta.hybrid.driver.DriverScript.executeKeywords(DriverScript.java:51)
at com.perspecta.hybrid.suitea.LoginRegistered.loginTest(LoginRegistered.java:30)
at sun.reflect.NativeMethodAccessorImpl.invoke0(Native Method)
at sun.reflect.NativeMethodAccessorImpl.invoke(NativeMethodAccessorImpl.java:62)
at sun.reflect.DelegatingMethodAccessorImpl.invoke(DelegatingMethodAccessorImpl.java:43)
at java.lang.reflect.Method.invoke(Method.java:498)
at org.testng.internal.MethodInvocationHelper.invokeMethod(MethodInvocationHelper.java:124)
at org.testng.internal.Invoker.invokeMethod(Invoker.java:583)
at org.testng.internal.Invoker.invokeTestMethod(Invoker.java:719)
at org.testng.internal.Invoker.invokeTestMethods(Invoker.java:989)
at org.testng.internal.TestMethodWorker.invokeTestMethods(TestMethodWorker.java:125)
at org.testng.internal.TestMethodWorker.run(TestMethodWorker.java:109)
at org.testng.TestRunner.privateRun(TestRunner.java:648)
at org.testng.TestRunner.run(TestRunner.java:505)
at org.testng.SuiteRunner.runTest(SuiteRunner.java:455)
at org.testng.SuiteRunner.runSequentially(SuiteRunner.java:450)
at org.testng.SuiteRunner.privateRun(SuiteRunner.java:415)
at org.testng.SuiteRunner.run(SuiteRunner.java:364)
at org.testng.SuiteRunnerWorker.runSuite(SuiteRunnerWorker.java:52)
at org.testng.SuiteRunnerWorker.run(SuiteRunnerWorker.java:84)
at org.testng.TestNG.runSuitesSequentially(TestNG.java:1208)
at org.testng.TestNG.runSuitesLocally(TestNG.java:1137)
at org.testng.TestNG.runSuites(TestNG.java:1049)
at org.testng.TestNG.run(TestNG.java:1017)
at org.testng.remote.AbstractRemoteTestNG.run(AbstractRemoteTestNG.java:114)
at org.testng.remote.RemoteTestNG.initAndRun(RemoteTestNG.java:251)
at org.testng.remote.RemoteTestNG.main(RemoteTestNG.java:77)
Caused by: java.lang.NullPointerException
at com.perspecta.hybrid.keywords.GenericKeywords.click(GenericKeywords.java:157)
... 31 more
]]>
    </error>
  </testcase> <!-- loginTest -->
  <testcase name="loginTest" time="0.060" classname="com.perspecta.hybrid.suitea.LoginRegistered">
    <skipped/>
  </testcase> <!-- loginTest -->
</testsuite> <!-- com.perspecta.hybrid.suitea.LoginRegistered -->
