<?xml version="1.0" encoding="UTF-8"?>
<!-- Generated by org.testng.reporters.JUnitReportReporter -->
<testsuite skipped="3" hostname="3KNZ1N2" name="com.perspecta.hybrid.suitea.Registration" tests="4" failures="0" timestamp="19 Dec 2018 20:34:55 GMT" time="64.202" errors="0">
  <testcase name="RegistrationTest" time="0.354" classname="com.perspecta.hybrid.suitea.Registration">
    <skipped/>
  </testcase> <!-- RegistrationTest -->
  <testcase name="RegistrationTest" time="0.102" classname="com.perspecta.hybrid.suitea.Registration">
    <skipped/>
  </testcase> <!-- RegistrationTest -->
  <testcase name="RegistrationTest" time="0.463" classname="com.perspecta.hybrid.suitea.Registration">
    <skipped/>
  </testcase> <!-- RegistrationTest -->
  <testcase name="RegistrationTest" time="63.283" classname="com.perspecta.hybrid.suitea.Registration"/>
</testsuite> <!-- com.perspecta.hybrid.suitea.Registration -->
