<?xml version="1.0" encoding="UTF-8"?>
<!-- Generated by org.testng.reporters.JUnitReportReporter -->
<testsuite skipped="3" hostname="3KNZ1N2" name="com.perspecta.hybrid.suitea.LoginTest" tests="4" failures="0" timestamp="13 Dec 2018 00:27:57 GMT" time="65.518" errors="0">
  <testcase name="loginTest" time="0.762" classname="com.perspecta.hybrid.suitea.LoginTest">
    <skipped/>
  </testcase> <!-- loginTest -->
  <testcase name="loginTest" time="0.361" classname="com.perspecta.hybrid.suitea.LoginTest">
    <skipped/>
  </testcase> <!-- loginTest -->
  <testcase name="loginTest" time="64.200" classname="com.perspecta.hybrid.suitea.LoginTest"/>
  <testcase name="loginTest" time="0.195" classname="com.perspecta.hybrid.suitea.LoginTest">
    <skipped/>
  </testcase> <!-- loginTest -->
</testsuite> <!-- com.perspecta.hybrid.suitea.LoginTest -->
